This file contains any messages produced by compilers while
running configure, to aid debugging if configure makes a mistake.

It was created by [MP5] configure [1.0], which was
generated by GNU Autoconf 2.59.  Invocation command line was

  $ ./configure 

## --------- ##
## Platform. ##
## --------- ##

hostname = host-170-150.txcscpl.clients.pavlovmedia.com
uname -m = x86_64
uname -r = 14.0.0
uname -s = Darwin
uname -v = Darwin Kernel Version 14.0.0: Tue Jul 29 16:22:25 PDT 2014; root:xnu-2782.1.62~4/RELEASE_X86_64

/usr/bin/uname -p = i386
/bin/uname -X     = unknown

/bin/arch              = unknown
/usr/bin/arch -k       = unknown
/usr/convex/getsysinfo = unknown
hostinfo               = Mach kernel version:
	 Darwin Kernel Version 14.0.0: Tue Jul 29 16:22:25 PDT 2014; root:xnu-2782.1.62~4/RELEASE_X86_64
Kernel configured for up to 8 processors.
4 processors are physically available.
8 processors are logically available.
Processor type: i486 (Intel 80486)
Processors active: 0 1 2 3 4 5 6 7
Primary memory available: 16.00 gigabytes
Default processor set: 246 tasks, 1306 threads, 8 processors
Load average: 1.85, Mach factor: 6.13
/bin/machine           = unknown
/usr/bin/oslevel       = unknown
/bin/universe          = unknown

PATH: /usr/local/bin
PATH: /usr/bin
PATH: /bin
PATH: /usr/sbin
PATH: /sbin
PATH: /Users/mac/bin
PATH: /Users/mac/bin
PATH: /class/cs426/llvm/llvm-3.4.2.build/Release+Asserts/bin/


## ----------- ##
## Core tests. ##
## ----------- ##

configure:1259: error: cannot find install-sh or install.sh in /class/cs426/llvm/llvm-3.4.2.src/autoconf .//class/cs426/llvm/llvm-3.4.2.src/autoconf

## ---------------- ##
## Cache variables. ##
## ---------------- ##

ac_cv_env_build_alias_set=
ac_cv_env_build_alias_value=
ac_cv_env_host_alias_set=
ac_cv_env_host_alias_value=
ac_cv_env_target_alias_set=
ac_cv_env_target_alias_value=

## ----------------- ##
## Output variables. ##
## ----------------- ##

DEFS=''
ECHO_C='ECHO_N=''
ECHO_T=''
LIBOBJS=''
LIBS=''
LLVM_OBJ=''
LLVM_SRC=''
LTLIBOBJS=''
PACKAGE_BUGREPORT='bocchino@uiuc.edu'
PACKAGE_NAME='[MP5]'
PACKAGE_STRING='[MP5] [1.0]'
PACKAGE_TARNAME='--mp5--'
PACKAGE_VERSION='[1.0]'
PATH_SEPARATOR=':'
SHELL='/bin/sh'
bindir='${exec_prefix}/bin'
build_alias=''
datadir='${prefix}/share'
exec_prefix='NONE'
host_alias=''
includedir='${prefix}/include'
infodir='${prefix}/info'
libdir='${exec_prefix}/lib'
libexecdir='${exec_prefix}/libexec'
localstatedir='${prefix}/var'
mandir='${prefix}/man'
oldincludedir='/usr/include'
prefix='NONE'
program_transform_name='s,x,x,'
sbindir='${exec_prefix}/sbin'
sharedstatedir='${prefix}/com'
sysconfdir='${prefix}/etc'
target_alias=''

## ----------- ##
## confdefs.h. ##
## ----------- ##

#define PACKAGE_BUGREPORT "bocchino@uiuc.edu"
#define PACKAGE_NAME "[MP5]"
#define PACKAGE_STRING "[MP5] [1.0]"
#define PACKAGE_TARNAME "--mp5--"
#define PACKAGE_VERSION "[1.0]"

configure: exit 1
